Analysis & Synthesis report for Decoder
Sun May 25 13:24:42 2014
Quartus II 64-Bit Version 13.0.1 Build 232 06/12/2013 Service Pack 1 SJ Web Edition


---------------------
; Table of Contents ;
---------------------
  1. Legal Notice
  2. Analysis & Synthesis Summary
  3. Analysis & Synthesis Settings
  4. Parallel Compilation
  5. Analysis & Synthesis Source Files Read
  6. Analysis & Synthesis Resource Usage Summary
  7. Analysis & Synthesis Resource Utilization by Entity
  8. Registers Removed During Synthesis
  9. General Register Statistics
 10. Inverted Register Statistics
 11. Multiplexer Restructuring Statistics (Restructuring Performed)
 12. Parameter Settings for Inferred Entity Instance: Quad:rightWheelEncoder|lpm_mult:Mult0
 13. Parameter Settings for Inferred Entity Instance: Quad:leftWheelEncoder|lpm_mult:Mult0
 14. Parameter Settings for Inferred Entity Instance: Quad:leftMotorEncoder|lpm_mult:Mult1
 15. Parameter Settings for Inferred Entity Instance: Quad:rightMotorEncoder|lpm_mult:Mult1
 16. lpm_mult Parameter Settings by Entity Instance
 17. Port Connectivity Checks: "Quad:rightMotorEncoder"
 18. Port Connectivity Checks: "Quad:leftMotorEncoder"
 19. Port Connectivity Checks: "Quad:rightWheelEncoder"
 20. Port Connectivity Checks: "Quad:leftWheelEncoder"
 21. Elapsed Time Per Partition
 22. Analysis & Synthesis Messages



----------------
; Legal Notice ;
----------------
Copyright (C) 1991-2013 Altera Corporation
Your use of Altera Corporation's design tools, logic functions 
and other software and tools, and its AMPP partner logic 
functions, and any output files from any of the foregoing 
(including device programming or simulation files), and any 
associated documentation or information are expressly subject 
to the terms and conditions of the Altera Program License 
Subscription Agreement, Altera MegaCore Function License 
Agreement, or other applicable license agreement, including, 
without limitation, that your use is for the sole purpose of 
programming logic devices manufactured by Altera and sold by 
Altera or its authorized distributors.  Please refer to the 
applicable agreement for further details.



+--------------------------------------------------------------------------------------+
; Analysis & Synthesis Summary                                                         ;
+------------------------------------+-------------------------------------------------+
; Analysis & Synthesis Status        ; Successful - Sun May 25 13:24:42 2014           ;
; Quartus II 64-Bit Version          ; 13.0.1 Build 232 06/12/2013 SP 1 SJ Web Edition ;
; Revision Name                      ; Decoder                                         ;
; Top-level Entity Name              ; decoder                                         ;
; Family                             ; Cyclone II                                      ;
; Total logic elements               ; 1,966                                           ;
;     Total combinational functions  ; 1,478                                           ;
;     Dedicated logic registers      ; 706                                             ;
; Total registers                    ; 706                                             ;
; Total pins                         ; 27                                              ;
; Total virtual pins                 ; 0                                               ;
; Total memory bits                  ; 0                                               ;
; Embedded Multiplier 9-bit elements ; 0                                               ;
; Total PLLs                         ; 0                                               ;
+------------------------------------+-------------------------------------------------+


+----------------------------------------------------------------------------------------------------------------------+
; Analysis & Synthesis Settings                                                                                        ;
+----------------------------------------------------------------------------+--------------------+--------------------+
; Option                                                                     ; Setting            ; Default Value      ;
+----------------------------------------------------------------------------+--------------------+--------------------+
; Device                                                                     ; EP2C5T144C8        ;                    ;
; Top-level entity name                                                      ; Decoder            ; Decoder            ;
; Family name                                                                ; Cyclone II         ; Cyclone IV GX      ;
; VHDL Show LMF Mapping Messages                                             ; Off                ;                    ;
; VHDL Version                                                               ; VHDL_2008          ; VHDL_1993          ;
; Use smart compilation                                                      ; Off                ; Off                ;
; Enable parallel Assembler and TimeQuest Timing Analyzer during compilation ; On                 ; On                 ;
; Enable compact report table                                                ; Off                ; Off                ;
; Restructure Multiplexers                                                   ; Auto               ; Auto               ;
; Create Debugging Nodes for IP Cores                                        ; Off                ; Off                ;
; Preserve fewer node names                                                  ; On                 ; On                 ;
; Disable OpenCore Plus hardware evaluation                                  ; Off                ; Off                ;
; Verilog Version                                                            ; Verilog_2001       ; Verilog_2001       ;
; State Machine Processing                                                   ; Auto               ; Auto               ;
; Safe State Machine                                                         ; Off                ; Off                ;
; Extract Verilog State Machines                                             ; On                 ; On                 ;
; Extract VHDL State Machines                                                ; On                 ; On                 ;
; Ignore Verilog initial constructs                                          ; Off                ; Off                ;
; Iteration limit for constant Verilog loops                                 ; 5000               ; 5000               ;
; Iteration limit for non-constant Verilog loops                             ; 250                ; 250                ;
; Add Pass-Through Logic to Inferred RAMs                                    ; On                 ; On                 ;
; Infer RAMs from Raw Logic                                                  ; On                 ; On                 ;
; Parallel Synthesis                                                         ; On                 ; On                 ;
; DSP Block Balancing                                                        ; Auto               ; Auto               ;
; NOT Gate Push-Back                                                         ; On                 ; On                 ;
; Power-Up Don't Care                                                        ; On                 ; On                 ;
; Remove Redundant Logic Cells                                               ; Off                ; Off                ;
; Remove Duplicate Registers                                                 ; On                 ; On                 ;
; Ignore CARRY Buffers                                                       ; Off                ; Off                ;
; Ignore CASCADE Buffers                                                     ; Off                ; Off                ;
; Ignore GLOBAL Buffers                                                      ; Off                ; Off                ;
; Ignore ROW GLOBAL Buffers                                                  ; Off                ; Off                ;
; Ignore LCELL Buffers                                                       ; Off                ; Off                ;
; Ignore SOFT Buffers                                                        ; On                 ; On                 ;
; Limit AHDL Integers to 32 Bits                                             ; Off                ; Off                ;
; Optimization Technique                                                     ; Balanced           ; Balanced           ;
; Carry Chain Length                                                         ; 70                 ; 70                 ;
; Auto Carry Chains                                                          ; On                 ; On                 ;
; Auto Open-Drain Pins                                                       ; On                 ; On                 ;
; Perform WYSIWYG Primitive Resynthesis                                      ; Off                ; Off                ;
; Auto ROM Replacement                                                       ; On                 ; On                 ;
; Auto RAM Replacement                                                       ; On                 ; On                 ;
; Auto Shift Register Replacement                                            ; Auto               ; Auto               ;
; Allow Shift Register Merging across Hierarchies                            ; Auto               ; Auto               ;
; Auto Clock Enable Replacement                                              ; On                 ; On                 ;
; Strict RAM Replacement                                                     ; Off                ; Off                ;
; Allow Synchronous Control Signals                                          ; On                 ; On                 ;
; Force Use of Synchronous Clear Signals                                     ; Off                ; Off                ;
; Auto RAM to Logic Cell Conversion                                          ; Off                ; Off                ;
; Auto Resource Sharing                                                      ; Off                ; Off                ;
; Allow Any RAM Size For Recognition                                         ; Off                ; Off                ;
; Allow Any ROM Size For Recognition                                         ; Off                ; Off                ;
; Allow Any Shift Register Size For Recognition                              ; Off                ; Off                ;
; Use LogicLock Constraints during Resource Balancing                        ; On                 ; On                 ;
; Ignore translate_off and synthesis_off directives                          ; Off                ; Off                ;
; Timing-Driven Synthesis                                                    ; Off                ; Off                ;
; Report Parameter Settings                                                  ; On                 ; On                 ;
; Report Source Assignments                                                  ; On                 ; On                 ;
; Report Connectivity Checks                                                 ; On                 ; On                 ;
; Ignore Maximum Fan-Out Assignments                                         ; Off                ; Off                ;
; Synchronization Register Chain Length                                      ; 2                  ; 2                  ;
; PowerPlay Power Optimization                                               ; Normal compilation ; Normal compilation ;
; HDL message level                                                          ; Level2             ; Level2             ;
; Suppress Register Optimization Related Messages                            ; Off                ; Off                ;
; Number of Removed Registers Reported in Synthesis Report                   ; 5000               ; 5000               ;
; Number of Swept Nodes Reported in Synthesis Report                         ; 5000               ; 5000               ;
; Number of Inverted Registers Reported in Synthesis Report                  ; 100                ; 100                ;
; Clock MUX Protection                                                       ; On                 ; On                 ;
; Auto Gated Clock Conversion                                                ; Off                ; Off                ;
; Block Design Naming                                                        ; Auto               ; Auto               ;
; SDC constraint protection                                                  ; Off                ; Off                ;
; Synthesis Effort                                                           ; Auto               ; Auto               ;
; Shift Register Replacement - Allow Asynchronous Clear Signal               ; On                 ; On                 ;
; Pre-Mapping Resynthesis Optimization                                       ; Off                ; Off                ;
; Analysis & Synthesis Message Level                                         ; Medium             ; Medium             ;
; Disable Register Merging Across Hierarchies                                ; Auto               ; Auto               ;
; Resource Aware Inference For Block RAM                                     ; On                 ; On                 ;
; Synthesis Seed                                                             ; 1                  ; 1                  ;
+----------------------------------------------------------------------------+--------------------+--------------------+


Parallel compilation was disabled, but you have multiple processors available. Enable parallel compilation to reduce compilation time.
+-------------------------------------+
; Parallel Compilation                ;
+----------------------------+--------+
; Processors                 ; Number ;
+----------------------------+--------+
; Number detected on machine ; 4      ;
; Maximum allowed            ; 1      ;
+----------------------------+--------+


+-------------------------------------------------------------------------------------------------------------------------------------------------------------------------+
; Analysis & Synthesis Source Files Read                                                                                                                                  ;
+----------------------------------+-----------------+------------------------------+---------------------------------------------------------------------------+---------+
; File Name with User-Entered Path ; Used in Netlist ; File Type                    ; File Name with Absolute Path                                              ; Library ;
+----------------------------------+-----------------+------------------------------+---------------------------------------------------------------------------+---------+
; Quad.vhd                         ; yes             ; User VHDL File               ; Z:/Git/FPGA/Decoder/Quad.vhd                                              ;         ;
; decoder.vhd                      ; yes             ; User VHDL File               ; Z:/Git/FPGA/Decoder/decoder.vhd                                           ;         ;
; lpm_mult.tdf                     ; yes             ; Megafunction                 ; c:/altera/13.0sp1/quartus/libraries/megafunctions/lpm_mult.tdf            ;         ;
; aglobal130.inc                   ; yes             ; Megafunction                 ; c:/altera/13.0sp1/quartus/libraries/megafunctions/aglobal130.inc          ;         ;
; lpm_add_sub.inc                  ; yes             ; Megafunction                 ; c:/altera/13.0sp1/quartus/libraries/megafunctions/lpm_add_sub.inc         ;         ;
; multcore.inc                     ; yes             ; Megafunction                 ; c:/altera/13.0sp1/quartus/libraries/megafunctions/multcore.inc            ;         ;
; bypassff.inc                     ; yes             ; Megafunction                 ; c:/altera/13.0sp1/quartus/libraries/megafunctions/bypassff.inc            ;         ;
; altshift.inc                     ; yes             ; Megafunction                 ; c:/altera/13.0sp1/quartus/libraries/megafunctions/altshift.inc            ;         ;
; multcore.tdf                     ; yes             ; Megafunction                 ; c:/altera/13.0sp1/quartus/libraries/megafunctions/multcore.tdf            ;         ;
; csa_add.inc                      ; yes             ; Megafunction                 ; c:/altera/13.0sp1/quartus/libraries/megafunctions/csa_add.inc             ;         ;
; mpar_add.inc                     ; yes             ; Megafunction                 ; c:/altera/13.0sp1/quartus/libraries/megafunctions/mpar_add.inc            ;         ;
; muleabz.inc                      ; yes             ; Megafunction                 ; c:/altera/13.0sp1/quartus/libraries/megafunctions/muleabz.inc             ;         ;
; mul_lfrg.inc                     ; yes             ; Megafunction                 ; c:/altera/13.0sp1/quartus/libraries/megafunctions/mul_lfrg.inc            ;         ;
; mul_boothc.inc                   ; yes             ; Megafunction                 ; c:/altera/13.0sp1/quartus/libraries/megafunctions/mul_boothc.inc          ;         ;
; alt_ded_mult.inc                 ; yes             ; Megafunction                 ; c:/altera/13.0sp1/quartus/libraries/megafunctions/alt_ded_mult.inc        ;         ;
; alt_ded_mult_y.inc               ; yes             ; Megafunction                 ; c:/altera/13.0sp1/quartus/libraries/megafunctions/alt_ded_mult_y.inc      ;         ;
; dffpipe.inc                      ; yes             ; Megafunction                 ; c:/altera/13.0sp1/quartus/libraries/megafunctions/dffpipe.inc             ;         ;
; mpar_add.tdf                     ; yes             ; Megafunction                 ; c:/altera/13.0sp1/quartus/libraries/megafunctions/mpar_add.tdf            ;         ;
; lpm_add_sub.tdf                  ; yes             ; Megafunction                 ; c:/altera/13.0sp1/quartus/libraries/megafunctions/lpm_add_sub.tdf         ;         ;
; addcore.inc                      ; yes             ; Megafunction                 ; c:/altera/13.0sp1/quartus/libraries/megafunctions/addcore.inc             ;         ;
; look_add.inc                     ; yes             ; Megafunction                 ; c:/altera/13.0sp1/quartus/libraries/megafunctions/look_add.inc            ;         ;
; alt_stratix_add_sub.inc          ; yes             ; Megafunction                 ; c:/altera/13.0sp1/quartus/libraries/megafunctions/alt_stratix_add_sub.inc ;         ;
; db/add_sub_rfh.tdf               ; yes             ; Auto-Generated Megafunction  ; Z:/Git/FPGA/Decoder/db/add_sub_rfh.tdf                                    ;         ;
; db/add_sub_15h.tdf               ; yes             ; Auto-Generated Megafunction  ; Z:/Git/FPGA/Decoder/db/add_sub_15h.tdf                                    ;         ;
; db/add_sub_vfh.tdf               ; yes             ; Auto-Generated Megafunction  ; Z:/Git/FPGA/Decoder/db/add_sub_vfh.tdf                                    ;         ;
; altshift.tdf                     ; yes             ; Megafunction                 ; c:/altera/13.0sp1/quartus/libraries/megafunctions/altshift.tdf            ;         ;
; db/add_sub_geh.tdf               ; yes             ; Auto-Generated Megafunction  ; Z:/Git/FPGA/Decoder/db/add_sub_geh.tdf                                    ;         ;
; db/add_sub_m3h.tdf               ; yes             ; Auto-Generated Megafunction  ; Z:/Git/FPGA/Decoder/db/add_sub_m3h.tdf                                    ;         ;
+----------------------------------+-----------------+------------------------------+---------------------------------------------------------------------------+---------+


+-----------------------------------------------------+
; Analysis & Synthesis Resource Usage Summary         ;
+---------------------------------------------+-------+
; Resource                                    ; Usage ;
+---------------------------------------------+-------+
; Estimated Total logic elements              ; 1,966 ;
;                                             ;       ;
; Total combinational functions               ; 1478  ;
; Logic element usage by number of LUT inputs ;       ;
;     -- 4 input functions                    ; 269   ;
;     -- 3 input functions                    ; 795   ;
;     -- <=2 input functions                  ; 414   ;
;                                             ;       ;
; Logic elements by mode                      ;       ;
;     -- normal mode                          ; 495   ;
;     -- arithmetic mode                      ; 983   ;
;                                             ;       ;
; Total registers                             ; 706   ;
;     -- Dedicated logic registers            ; 706   ;
;     -- I/O registers                        ; 0     ;
;                                             ;       ;
; I/O pins                                    ; 27    ;
; Embedded Multiplier 9-bit elements          ; 0     ;
; Maximum fan-out node                        ; clk   ;
; Maximum fan-out                             ; 706   ;
; Total fan-out                               ; 6272  ;
; Average fan-out                             ; 2.84  ;
+---------------------------------------------+-------+


+---------------------------------------------------------------------------------------------------------------------------------------------------------------------------------------------------------------------------------------------------------------------------------------------------------------------------------------+
; Analysis & Synthesis Resource Utilization by Entity                                                                                                                                                                                                                                                                                   ;
+---------------------------------------------------+-------------------+--------------+-------------+--------------+---------+-----------+------+--------------+--------------------------------------------------------------------------------------------------------------------------------------------------------+--------------+
; Compilation Hierarchy Node                        ; LC Combinationals ; LC Registers ; Memory Bits ; DSP Elements ; DSP 9x9 ; DSP 18x18 ; Pins ; Virtual Pins ; Full Hierarchy Name                                                                                                                                    ; Library Name ;
+---------------------------------------------------+-------------------+--------------+-------------+--------------+---------+-----------+------+--------------+--------------------------------------------------------------------------------------------------------------------------------------------------------+--------------+
; |decoder                                          ; 1478 (100)        ; 706 (0)      ; 0           ; 0            ; 0       ; 0         ; 27   ; 0            ; |decoder                                                                                                                                               ; work         ;
;    |Quad:leftMotorEncoder|                        ; 363 (311)         ; 190 (190)    ; 0           ; 0            ; 0       ; 0         ; 0    ; 0            ; |decoder|Quad:leftMotorEncoder                                                                                                                         ; work         ;
;       |lpm_mult:Mult1|                            ; 52 (0)            ; 0 (0)        ; 0           ; 0            ; 0       ; 0         ; 0    ; 0            ; |decoder|Quad:leftMotorEncoder|lpm_mult:Mult1                                                                                                          ; work         ;
;          |multcore:mult_core|                     ; 52 (21)           ; 0 (0)        ; 0           ; 0            ; 0       ; 0         ; 0    ; 0            ; |decoder|Quad:leftMotorEncoder|lpm_mult:Mult1|multcore:mult_core                                                                                       ; work         ;
;             |mpar_add:padder|                     ; 31 (0)            ; 0 (0)        ; 0           ; 0            ; 0       ; 0         ; 0    ; 0            ; |decoder|Quad:leftMotorEncoder|lpm_mult:Mult1|multcore:mult_core|mpar_add:padder                                                                       ; work         ;
;                |lpm_add_sub:adder[0]|             ; 9 (0)             ; 0 (0)        ; 0           ; 0            ; 0       ; 0         ; 0    ; 0            ; |decoder|Quad:leftMotorEncoder|lpm_mult:Mult1|multcore:mult_core|mpar_add:padder|lpm_add_sub:adder[0]                                                  ; work         ;
;                   |add_sub_m3h:auto_generated|    ; 9 (9)             ; 0 (0)        ; 0           ; 0            ; 0       ; 0         ; 0    ; 0            ; |decoder|Quad:leftMotorEncoder|lpm_mult:Mult1|multcore:mult_core|mpar_add:padder|lpm_add_sub:adder[0]|add_sub_m3h:auto_generated                       ; work         ;
;                |lpm_add_sub:adder[1]|             ; 9 (0)             ; 0 (0)        ; 0           ; 0            ; 0       ; 0         ; 0    ; 0            ; |decoder|Quad:leftMotorEncoder|lpm_mult:Mult1|multcore:mult_core|mpar_add:padder|lpm_add_sub:adder[1]                                                  ; work         ;
;                   |add_sub_geh:auto_generated|    ; 9 (9)             ; 0 (0)        ; 0           ; 0            ; 0       ; 0         ; 0    ; 0            ; |decoder|Quad:leftMotorEncoder|lpm_mult:Mult1|multcore:mult_core|mpar_add:padder|lpm_add_sub:adder[1]|add_sub_geh:auto_generated                       ; work         ;
;                |mpar_add:sub_par_add|             ; 13 (0)            ; 0 (0)        ; 0           ; 0            ; 0       ; 0         ; 0    ; 0            ; |decoder|Quad:leftMotorEncoder|lpm_mult:Mult1|multcore:mult_core|mpar_add:padder|mpar_add:sub_par_add                                                  ; work         ;
;                   |lpm_add_sub:adder[0]|          ; 13 (0)            ; 0 (0)        ; 0           ; 0            ; 0       ; 0         ; 0    ; 0            ; |decoder|Quad:leftMotorEncoder|lpm_mult:Mult1|multcore:mult_core|mpar_add:padder|mpar_add:sub_par_add|lpm_add_sub:adder[0]                             ; work         ;
;                      |add_sub_rfh:auto_generated| ; 13 (13)           ; 0 (0)        ; 0           ; 0            ; 0       ; 0         ; 0    ; 0            ; |decoder|Quad:leftMotorEncoder|lpm_mult:Mult1|multcore:mult_core|mpar_add:padder|mpar_add:sub_par_add|lpm_add_sub:adder[0]|add_sub_rfh:auto_generated  ; work         ;
;    |Quad:leftWheelEncoder|                        ; 342 (278)         ; 172 (172)    ; 0           ; 0            ; 0       ; 0         ; 0    ; 0            ; |decoder|Quad:leftWheelEncoder                                                                                                                         ; work         ;
;       |lpm_mult:Mult0|                            ; 64 (0)            ; 0 (0)        ; 0           ; 0            ; 0       ; 0         ; 0    ; 0            ; |decoder|Quad:leftWheelEncoder|lpm_mult:Mult0                                                                                                          ; work         ;
;          |multcore:mult_core|                     ; 64 (24)           ; 0 (0)        ; 0           ; 0            ; 0       ; 0         ; 0    ; 0            ; |decoder|Quad:leftWheelEncoder|lpm_mult:Mult0|multcore:mult_core                                                                                       ; work         ;
;             |mpar_add:padder|                     ; 40 (0)            ; 0 (0)        ; 0           ; 0            ; 0       ; 0         ; 0    ; 0            ; |decoder|Quad:leftWheelEncoder|lpm_mult:Mult0|multcore:mult_core|mpar_add:padder                                                                       ; work         ;
;                |lpm_add_sub:adder[0]|             ; 12 (0)            ; 0 (0)        ; 0           ; 0            ; 0       ; 0         ; 0    ; 0            ; |decoder|Quad:leftWheelEncoder|lpm_mult:Mult0|multcore:mult_core|mpar_add:padder|lpm_add_sub:adder[0]                                                  ; work         ;
;                   |add_sub_15h:auto_generated|    ; 12 (12)           ; 0 (0)        ; 0           ; 0            ; 0       ; 0         ; 0    ; 0            ; |decoder|Quad:leftWheelEncoder|lpm_mult:Mult0|multcore:mult_core|mpar_add:padder|lpm_add_sub:adder[0]|add_sub_15h:auto_generated                       ; work         ;
;                |lpm_add_sub:adder[1]|             ; 12 (0)            ; 0 (0)        ; 0           ; 0            ; 0       ; 0         ; 0    ; 0            ; |decoder|Quad:leftWheelEncoder|lpm_mult:Mult0|multcore:mult_core|mpar_add:padder|lpm_add_sub:adder[1]                                                  ; work         ;
;                   |add_sub_rfh:auto_generated|    ; 12 (12)           ; 0 (0)        ; 0           ; 0            ; 0       ; 0         ; 0    ; 0            ; |decoder|Quad:leftWheelEncoder|lpm_mult:Mult0|multcore:mult_core|mpar_add:padder|lpm_add_sub:adder[1]|add_sub_rfh:auto_generated                       ; work         ;
;                |mpar_add:sub_par_add|             ; 16 (0)            ; 0 (0)        ; 0           ; 0            ; 0       ; 0         ; 0    ; 0            ; |decoder|Quad:leftWheelEncoder|lpm_mult:Mult0|multcore:mult_core|mpar_add:padder|mpar_add:sub_par_add                                                  ; work         ;
;                   |lpm_add_sub:adder[0]|          ; 16 (0)            ; 0 (0)        ; 0           ; 0            ; 0       ; 0         ; 0    ; 0            ; |decoder|Quad:leftWheelEncoder|lpm_mult:Mult0|multcore:mult_core|mpar_add:padder|mpar_add:sub_par_add|lpm_add_sub:adder[0]                             ; work         ;
;                      |add_sub_vfh:auto_generated| ; 16 (16)           ; 0 (0)        ; 0           ; 0            ; 0       ; 0         ; 0    ; 0            ; |decoder|Quad:leftWheelEncoder|lpm_mult:Mult0|multcore:mult_core|mpar_add:padder|mpar_add:sub_par_add|lpm_add_sub:adder[0]|add_sub_vfh:auto_generated  ; work         ;
;    |Quad:rightMotorEncoder|                       ; 337 (285)         ; 172 (172)    ; 0           ; 0            ; 0       ; 0         ; 0    ; 0            ; |decoder|Quad:rightMotorEncoder                                                                                                                        ; work         ;
;       |lpm_mult:Mult1|                            ; 52 (0)            ; 0 (0)        ; 0           ; 0            ; 0       ; 0         ; 0    ; 0            ; |decoder|Quad:rightMotorEncoder|lpm_mult:Mult1                                                                                                         ; work         ;
;          |multcore:mult_core|                     ; 52 (21)           ; 0 (0)        ; 0           ; 0            ; 0       ; 0         ; 0    ; 0            ; |decoder|Quad:rightMotorEncoder|lpm_mult:Mult1|multcore:mult_core                                                                                      ; work         ;
;             |mpar_add:padder|                     ; 31 (0)            ; 0 (0)        ; 0           ; 0            ; 0       ; 0         ; 0    ; 0            ; |decoder|Quad:rightMotorEncoder|lpm_mult:Mult1|multcore:mult_core|mpar_add:padder                                                                      ; work         ;
;                |lpm_add_sub:adder[0]|             ; 9 (0)             ; 0 (0)        ; 0           ; 0            ; 0       ; 0         ; 0    ; 0            ; |decoder|Quad:rightMotorEncoder|lpm_mult:Mult1|multcore:mult_core|mpar_add:padder|lpm_add_sub:adder[0]                                                 ; work         ;
;                   |add_sub_m3h:auto_generated|    ; 9 (9)             ; 0 (0)        ; 0           ; 0            ; 0       ; 0         ; 0    ; 0            ; |decoder|Quad:rightMotorEncoder|lpm_mult:Mult1|multcore:mult_core|mpar_add:padder|lpm_add_sub:adder[0]|add_sub_m3h:auto_generated                      ; work         ;
;                |lpm_add_sub:adder[1]|             ; 9 (0)             ; 0 (0)        ; 0           ; 0            ; 0       ; 0         ; 0    ; 0            ; |decoder|Quad:rightMotorEncoder|lpm_mult:Mult1|multcore:mult_core|mpar_add:padder|lpm_add_sub:adder[1]                                                 ; work         ;
;                   |add_sub_geh:auto_generated|    ; 9 (9)             ; 0 (0)        ; 0           ; 0            ; 0       ; 0         ; 0    ; 0            ; |decoder|Quad:rightMotorEncoder|lpm_mult:Mult1|multcore:mult_core|mpar_add:padder|lpm_add_sub:adder[1]|add_sub_geh:auto_generated                      ; work         ;
;                |mpar_add:sub_par_add|             ; 13 (0)            ; 0 (0)        ; 0           ; 0            ; 0       ; 0         ; 0    ; 0            ; |decoder|Quad:rightMotorEncoder|lpm_mult:Mult1|multcore:mult_core|mpar_add:padder|mpar_add:sub_par_add                                                 ; work         ;
;                   |lpm_add_sub:adder[0]|          ; 13 (0)            ; 0 (0)        ; 0           ; 0            ; 0       ; 0         ; 0    ; 0            ; |decoder|Quad:rightMotorEncoder|lpm_mult:Mult1|multcore:mult_core|mpar_add:padder|mpar_add:sub_par_add|lpm_add_sub:adder[0]                            ; work         ;
;                      |add_sub_rfh:auto_generated| ; 13 (13)           ; 0 (0)        ; 0           ; 0            ; 0       ; 0         ; 0    ; 0            ; |decoder|Quad:rightMotorEncoder|lpm_mult:Mult1|multcore:mult_core|mpar_add:padder|mpar_add:sub_par_add|lpm_add_sub:adder[0]|add_sub_rfh:auto_generated ; work         ;
;    |Quad:rightWheelEncoder|                       ; 336 (272)         ; 172 (172)    ; 0           ; 0            ; 0       ; 0         ; 0    ; 0            ; |decoder|Quad:rightWheelEncoder                                                                                                                        ; work         ;
;       |lpm_mult:Mult0|                            ; 64 (0)            ; 0 (0)        ; 0           ; 0            ; 0       ; 0         ; 0    ; 0            ; |decoder|Quad:rightWheelEncoder|lpm_mult:Mult0                                                                                                         ; work         ;
;          |multcore:mult_core|                     ; 64 (24)           ; 0 (0)        ; 0           ; 0            ; 0       ; 0         ; 0    ; 0            ; |decoder|Quad:rightWheelEncoder|lpm_mult:Mult0|multcore:mult_core                                                                                      ; work         ;
;             |mpar_add:padder|                     ; 40 (0)            ; 0 (0)        ; 0           ; 0            ; 0       ; 0         ; 0    ; 0            ; |decoder|Quad:rightWheelEncoder|lpm_mult:Mult0|multcore:mult_core|mpar_add:padder                                                                      ; work         ;
;                |lpm_add_sub:adder[0]|             ; 12 (0)            ; 0 (0)        ; 0           ; 0            ; 0       ; 0         ; 0    ; 0            ; |decoder|Quad:rightWheelEncoder|lpm_mult:Mult0|multcore:mult_core|mpar_add:padder|lpm_add_sub:adder[0]                                                 ; work         ;
;                   |add_sub_15h:auto_generated|    ; 12 (12)           ; 0 (0)        ; 0           ; 0            ; 0       ; 0         ; 0    ; 0            ; |decoder|Quad:rightWheelEncoder|lpm_mult:Mult0|multcore:mult_core|mpar_add:padder|lpm_add_sub:adder[0]|add_sub_15h:auto_generated                      ; work         ;
;                |lpm_add_sub:adder[1]|             ; 12 (0)            ; 0 (0)        ; 0           ; 0            ; 0       ; 0         ; 0    ; 0            ; |decoder|Quad:rightWheelEncoder|lpm_mult:Mult0|multcore:mult_core|mpar_add:padder|lpm_add_sub:adder[1]                                                 ; work         ;
;                   |add_sub_rfh:auto_generated|    ; 12 (12)           ; 0 (0)        ; 0           ; 0            ; 0       ; 0         ; 0    ; 0            ; |decoder|Quad:rightWheelEncoder|lpm_mult:Mult0|multcore:mult_core|mpar_add:padder|lpm_add_sub:adder[1]|add_sub_rfh:auto_generated                      ; work         ;
;                |mpar_add:sub_par_add|             ; 16 (0)            ; 0 (0)        ; 0           ; 0            ; 0       ; 0         ; 0    ; 0            ; |decoder|Quad:rightWheelEncoder|lpm_mult:Mult0|multcore:mult_core|mpar_add:padder|mpar_add:sub_par_add                                                 ; work         ;
;                   |lpm_add_sub:adder[0]|          ; 16 (0)            ; 0 (0)        ; 0           ; 0            ; 0       ; 0         ; 0    ; 0            ; |decoder|Quad:rightWheelEncoder|lpm_mult:Mult0|multcore:mult_core|mpar_add:padder|mpar_add:sub_par_add|lpm_add_sub:adder[0]                            ; work         ;
;                      |add_sub_vfh:auto_generated| ; 16 (16)           ; 0 (0)        ; 0           ; 0            ; 0       ; 0         ; 0    ; 0            ; |decoder|Quad:rightWheelEncoder|lpm_mult:Mult0|multcore:mult_core|mpar_add:padder|mpar_add:sub_par_add|lpm_add_sub:adder[0]|add_sub_vfh:auto_generated ; work         ;
+---------------------------------------------------+-------------------+--------------+-------------+--------------+---------+-----------+------+--------------+--------------------------------------------------------------------------------------------------------------------------------------------------------+--------------+
Note: For table entries with two numbers listed, the numbers in parentheses indicate the number of resources of the given type used by the specific entity alone. The numbers listed outside of parentheses indicate the total resources of the given type used by the specific entity and all of its sub-entities in the hierarchy.


+--------------------------------------------------------------------------------------+
; Registers Removed During Synthesis                                                   ;
+----------------------------------------+---------------------------------------------+
; Register name                          ; Reason for Removal                          ;
+----------------------------------------+---------------------------------------------+
; Quad:rightMotorEncoder|prevCnt[16..23] ; Lost fanout                                 ;
; Quad:leftMotorEncoder|prevCnt[16..23]  ; Lost fanout                                 ;
; Quad:rightWheelEncoder|prevCnt[16..23] ; Lost fanout                                 ;
; Quad:leftWheelEncoder|prevCnt[16..23]  ; Lost fanout                                 ;
; Quad:leftWheelEncoder|timer[17]        ; Merged with Quad:leftMotorEncoder|timer[17] ;
; Quad:rightMotorEncoder|timer[17]       ; Merged with Quad:leftMotorEncoder|timer[17] ;
; Quad:rightWheelEncoder|timer[17]       ; Merged with Quad:leftMotorEncoder|timer[17] ;
; Quad:leftWheelEncoder|timer[16]        ; Merged with Quad:leftMotorEncoder|timer[16] ;
; Quad:rightMotorEncoder|timer[16]       ; Merged with Quad:leftMotorEncoder|timer[16] ;
; Quad:rightWheelEncoder|timer[16]       ; Merged with Quad:leftMotorEncoder|timer[16] ;
; Quad:leftWheelEncoder|timer[15]        ; Merged with Quad:leftMotorEncoder|timer[15] ;
; Quad:rightMotorEncoder|timer[15]       ; Merged with Quad:leftMotorEncoder|timer[15] ;
; Quad:rightWheelEncoder|timer[15]       ; Merged with Quad:leftMotorEncoder|timer[15] ;
; Quad:leftWheelEncoder|timer[14]        ; Merged with Quad:leftMotorEncoder|timer[14] ;
; Quad:rightMotorEncoder|timer[14]       ; Merged with Quad:leftMotorEncoder|timer[14] ;
; Quad:rightWheelEncoder|timer[14]       ; Merged with Quad:leftMotorEncoder|timer[14] ;
; Quad:leftWheelEncoder|timer[13]        ; Merged with Quad:leftMotorEncoder|timer[13] ;
; Quad:rightMotorEncoder|timer[13]       ; Merged with Quad:leftMotorEncoder|timer[13] ;
; Quad:rightWheelEncoder|timer[13]       ; Merged with Quad:leftMotorEncoder|timer[13] ;
; Quad:leftWheelEncoder|timer[12]        ; Merged with Quad:leftMotorEncoder|timer[12] ;
; Quad:rightMotorEncoder|timer[12]       ; Merged with Quad:leftMotorEncoder|timer[12] ;
; Quad:rightWheelEncoder|timer[12]       ; Merged with Quad:leftMotorEncoder|timer[12] ;
; Quad:leftWheelEncoder|timer[11]        ; Merged with Quad:leftMotorEncoder|timer[11] ;
; Quad:rightMotorEncoder|timer[11]       ; Merged with Quad:leftMotorEncoder|timer[11] ;
; Quad:rightWheelEncoder|timer[11]       ; Merged with Quad:leftMotorEncoder|timer[11] ;
; Quad:leftWheelEncoder|timer[10]        ; Merged with Quad:leftMotorEncoder|timer[10] ;
; Quad:rightMotorEncoder|timer[10]       ; Merged with Quad:leftMotorEncoder|timer[10] ;
; Quad:rightWheelEncoder|timer[10]       ; Merged with Quad:leftMotorEncoder|timer[10] ;
; Quad:leftWheelEncoder|timer[9]         ; Merged with Quad:leftMotorEncoder|timer[9]  ;
; Quad:rightMotorEncoder|timer[9]        ; Merged with Quad:leftMotorEncoder|timer[9]  ;
; Quad:rightWheelEncoder|timer[9]        ; Merged with Quad:leftMotorEncoder|timer[9]  ;
; Quad:leftWheelEncoder|timer[8]         ; Merged with Quad:leftMotorEncoder|timer[8]  ;
; Quad:rightMotorEncoder|timer[8]        ; Merged with Quad:leftMotorEncoder|timer[8]  ;
; Quad:rightWheelEncoder|timer[8]        ; Merged with Quad:leftMotorEncoder|timer[8]  ;
; Quad:leftWheelEncoder|timer[7]         ; Merged with Quad:leftMotorEncoder|timer[7]  ;
; Quad:rightMotorEncoder|timer[7]        ; Merged with Quad:leftMotorEncoder|timer[7]  ;
; Quad:rightWheelEncoder|timer[7]        ; Merged with Quad:leftMotorEncoder|timer[7]  ;
; Quad:leftWheelEncoder|timer[6]         ; Merged with Quad:leftMotorEncoder|timer[6]  ;
; Quad:rightMotorEncoder|timer[6]        ; Merged with Quad:leftMotorEncoder|timer[6]  ;
; Quad:rightWheelEncoder|timer[6]        ; Merged with Quad:leftMotorEncoder|timer[6]  ;
; Quad:leftWheelEncoder|timer[5]         ; Merged with Quad:leftMotorEncoder|timer[5]  ;
; Quad:rightMotorEncoder|timer[5]        ; Merged with Quad:leftMotorEncoder|timer[5]  ;
; Quad:rightWheelEncoder|timer[5]        ; Merged with Quad:leftMotorEncoder|timer[5]  ;
; Quad:leftWheelEncoder|timer[4]         ; Merged with Quad:leftMotorEncoder|timer[4]  ;
; Quad:rightMotorEncoder|timer[4]        ; Merged with Quad:leftMotorEncoder|timer[4]  ;
; Quad:rightWheelEncoder|timer[4]        ; Merged with Quad:leftMotorEncoder|timer[4]  ;
; Quad:leftWheelEncoder|timer[3]         ; Merged with Quad:leftMotorEncoder|timer[3]  ;
; Quad:rightMotorEncoder|timer[3]        ; Merged with Quad:leftMotorEncoder|timer[3]  ;
; Quad:rightWheelEncoder|timer[3]        ; Merged with Quad:leftMotorEncoder|timer[3]  ;
; Quad:leftWheelEncoder|timer[2]         ; Merged with Quad:leftMotorEncoder|timer[2]  ;
; Quad:rightMotorEncoder|timer[2]        ; Merged with Quad:leftMotorEncoder|timer[2]  ;
; Quad:rightWheelEncoder|timer[2]        ; Merged with Quad:leftMotorEncoder|timer[2]  ;
; Quad:leftWheelEncoder|timer[1]         ; Merged with Quad:leftMotorEncoder|timer[1]  ;
; Quad:rightMotorEncoder|timer[1]        ; Merged with Quad:leftMotorEncoder|timer[1]  ;
; Quad:rightWheelEncoder|timer[1]        ; Merged with Quad:leftMotorEncoder|timer[1]  ;
; Quad:leftWheelEncoder|timer[0]         ; Merged with Quad:leftMotorEncoder|timer[0]  ;
; Quad:rightMotorEncoder|timer[0]        ; Merged with Quad:leftMotorEncoder|timer[0]  ;
; Quad:rightWheelEncoder|timer[0]        ; Merged with Quad:leftMotorEncoder|timer[0]  ;
; Total Number of Removed Registers = 86 ;                                             ;
+----------------------------------------+---------------------------------------------+


+------------------------------------------------------+
; General Register Statistics                          ;
+----------------------------------------------+-------+
; Statistic                                    ; Value ;
+----------------------------------------------+-------+
; Total registers                              ; 706   ;
; Number of registers using Synchronous Clear  ; 0     ;
; Number of registers using Synchronous Load   ; 0     ;
; Number of registers using Asynchronous Clear ; 0     ;
; Number of registers using Asynchronous Load  ; 0     ;
; Number of registers using Clock Enable       ; 612   ;
; Number of registers using Preset             ; 0     ;
+----------------------------------------------+-------+


+-----------------------------------------------------+
; Inverted Register Statistics                        ;
+-------------------------------------------+---------+
; Inverted Register                         ; Fan out ;
+-------------------------------------------+---------+
; Quad:leftMotorEncoder|cnt[23]             ; 4       ;
; Quad:rightWheelEncoder|cnt[23]            ; 4       ;
; Quad:leftWheelEncoder|cnt[23]             ; 4       ;
; Quad:rightMotorEncoder|cnt[23]            ; 4       ;
; Quad:rightWheelEncoder|spd_array[6][5]    ; 2       ;
; Quad:rightWheelEncoder|spd_array[7][5]    ; 2       ;
; Quad:rightWheelEncoder|spd_array[6][4]    ; 2       ;
; Quad:rightWheelEncoder|spd_array[7][4]    ; 2       ;
; Quad:rightWheelEncoder|spd_array[6][3]    ; 2       ;
; Quad:rightWheelEncoder|spd_array[7][3]    ; 2       ;
; Quad:rightWheelEncoder|spd_array[6][2]    ; 2       ;
; Quad:rightWheelEncoder|spd_array[7][2]    ; 2       ;
; Quad:rightWheelEncoder|spd_array[8][5]    ; 1       ;
; Quad:rightWheelEncoder|spd_array[8][4]    ; 1       ;
; Quad:rightWheelEncoder|spd_array[8][3]    ; 1       ;
; Quad:rightWheelEncoder|spd_array[8][2]    ; 1       ;
; Quad:rightWheelEncoder|spd_array[4][5]    ; 2       ;
; Quad:rightWheelEncoder|spd_array[5][5]    ; 2       ;
; Quad:rightWheelEncoder|spd_array[4][4]    ; 2       ;
; Quad:rightWheelEncoder|spd_array[5][4]    ; 2       ;
; Quad:rightWheelEncoder|spd_array[4][3]    ; 2       ;
; Quad:rightWheelEncoder|spd_array[5][3]    ; 2       ;
; Quad:rightWheelEncoder|spd_array[4][2]    ; 2       ;
; Quad:rightWheelEncoder|spd_array[5][2]    ; 2       ;
; Quad:rightWheelEncoder|spd_array[2][5]    ; 2       ;
; Quad:rightWheelEncoder|spd_array[3][5]    ; 2       ;
; Quad:rightWheelEncoder|spd_array[2][4]    ; 2       ;
; Quad:rightWheelEncoder|spd_array[3][4]    ; 2       ;
; Quad:rightWheelEncoder|spd_array[2][3]    ; 2       ;
; Quad:rightWheelEncoder|spd_array[3][3]    ; 2       ;
; Quad:rightWheelEncoder|spd_array[2][2]    ; 2       ;
; Quad:rightWheelEncoder|spd_array[3][2]    ; 2       ;
; Quad:rightWheelEncoder|spd_array[0][5]    ; 2       ;
; Quad:rightWheelEncoder|spd_array[0][4]    ; 2       ;
; Quad:rightWheelEncoder|spd_array[0][3]    ; 2       ;
; Quad:rightWheelEncoder|spd_array[0][2]    ; 2       ;
; Quad:rightWheelEncoder|spd_array[1][5]    ; 2       ;
; Quad:rightWheelEncoder|spd_array[1][4]    ; 2       ;
; Quad:rightWheelEncoder|spd_array[1][3]    ; 2       ;
; Quad:rightWheelEncoder|spd_array[1][2]    ; 2       ;
; Quad:rightWheelEncoder|spd_array[6][12]   ; 4       ;
; Quad:rightWheelEncoder|spd_array[7][12]   ; 4       ;
; Quad:rightWheelEncoder|spd_array[6][10]   ; 2       ;
; Quad:rightWheelEncoder|spd_array[7][10]   ; 2       ;
; Quad:rightWheelEncoder|spd_array[6][9]    ; 2       ;
; Quad:rightWheelEncoder|spd_array[7][9]    ; 2       ;
; Quad:rightWheelEncoder|spd_array[8][12]   ; 3       ;
; Quad:rightWheelEncoder|spd_array[8][10]   ; 1       ;
; Quad:rightWheelEncoder|spd_array[8][9]    ; 1       ;
; Quad:rightWheelEncoder|spd_array[4][12]   ; 4       ;
; Quad:rightWheelEncoder|spd_array[5][12]   ; 4       ;
; Quad:rightWheelEncoder|spd_array[4][10]   ; 2       ;
; Quad:rightWheelEncoder|spd_array[5][10]   ; 2       ;
; Quad:rightWheelEncoder|spd_array[4][9]    ; 2       ;
; Quad:rightWheelEncoder|spd_array[5][9]    ; 2       ;
; Quad:rightWheelEncoder|spd_array[2][12]   ; 3       ;
; Quad:rightWheelEncoder|spd_array[3][12]   ; 3       ;
; Quad:rightWheelEncoder|spd_array[2][10]   ; 2       ;
; Quad:rightWheelEncoder|spd_array[3][10]   ; 2       ;
; Quad:rightWheelEncoder|spd_array[2][9]    ; 2       ;
; Quad:rightWheelEncoder|spd_array[3][9]    ; 2       ;
; Quad:rightWheelEncoder|spd_array[1][12]   ; 5       ;
; Quad:rightWheelEncoder|spd_array[0][12]   ; 5       ;
; Quad:rightWheelEncoder|spd_array[0][10]   ; 2       ;
; Quad:rightWheelEncoder|spd_array[0][9]    ; 2       ;
; Quad:rightWheelEncoder|spd_array[1][10]   ; 2       ;
; Quad:rightWheelEncoder|spd_array[1][9]    ; 2       ;
; Quad:leftMotorEncoder|spd_array[6][4]     ; 2       ;
; Quad:leftMotorEncoder|spd_array[7][4]     ; 2       ;
; Quad:leftMotorEncoder|spd_array[6][3]     ; 2       ;
; Quad:leftMotorEncoder|spd_array[7][3]     ; 2       ;
; Quad:leftMotorEncoder|spd_array[6][2]     ; 2       ;
; Quad:leftMotorEncoder|spd_array[7][2]     ; 2       ;
; Quad:leftMotorEncoder|spd_array[8][4]     ; 1       ;
; Quad:leftMotorEncoder|spd_array[8][3]     ; 1       ;
; Quad:leftMotorEncoder|spd_array[8][2]     ; 1       ;
; Quad:leftMotorEncoder|spd_array[4][4]     ; 2       ;
; Quad:leftMotorEncoder|spd_array[5][4]     ; 2       ;
; Quad:leftMotorEncoder|spd_array[4][3]     ; 2       ;
; Quad:leftMotorEncoder|spd_array[5][3]     ; 2       ;
; Quad:leftMotorEncoder|spd_array[4][2]     ; 2       ;
; Quad:leftMotorEncoder|spd_array[5][2]     ; 2       ;
; Quad:leftMotorEncoder|spd_array[2][4]     ; 2       ;
; Quad:leftMotorEncoder|spd_array[3][4]     ; 2       ;
; Quad:leftMotorEncoder|spd_array[2][3]     ; 2       ;
; Quad:leftMotorEncoder|spd_array[3][3]     ; 2       ;
; Quad:leftMotorEncoder|spd_array[2][2]     ; 2       ;
; Quad:leftMotorEncoder|spd_array[3][2]     ; 2       ;
; Quad:leftMotorEncoder|spd_array[1][4]     ; 2       ;
; Quad:leftMotorEncoder|spd_array[0][4]     ; 2       ;
; Quad:leftMotorEncoder|spd_array[0][3]     ; 2       ;
; Quad:leftMotorEncoder|spd_array[0][2]     ; 2       ;
; Quad:leftMotorEncoder|spd_array[1][3]     ; 2       ;
; Quad:leftMotorEncoder|spd_array[1][2]     ; 2       ;
; Quad:leftMotorEncoder|spd_array[6][5]     ; 2       ;
; Quad:leftMotorEncoder|spd_array[7][5]     ; 2       ;
; Quad:leftMotorEncoder|spd_array[8][5]     ; 1       ;
; Quad:leftMotorEncoder|spd_array[4][5]     ; 2       ;
; Quad:leftMotorEncoder|spd_array[5][5]     ; 2       ;
; Quad:leftMotorEncoder|spd_array[2][5]     ; 2       ;
; Total number of inverted registers = 256* ;         ;
+-------------------------------------------+---------+
* Table truncated at 100 items. To change the number of inverted registers reported, set the "Number of Inverted Registers Reported" option under Assignments->Settings->Analysis and Synthesis Settings->More Settings


+-------------------------------------------------------------------------------------------------------------------------------------------------------+
; Multiplexer Restructuring Statistics (Restructuring Performed)                                                                                        ;
+--------------------+-----------+---------------+----------------------+------------------------+------------+-----------------------------------------+
; Multiplexer Inputs ; Bus Width ; Baseline Area ; Area if Restructured ; Saving if Restructured ; Registered ; Example Multiplexer Output              ;
+--------------------+-----------+---------------+----------------------+------------------------+------------+-----------------------------------------+
; 9:1                ; 7 bits    ; 42 LEs        ; 7 LEs                ; 35 LEs                 ; Yes        ; |decoder|Quad:rightMotorEncoder|cnt[16] ;
; 9:1                ; 7 bits    ; 42 LEs        ; 7 LEs                ; 35 LEs                 ; Yes        ; |decoder|Quad:leftWheelEncoder|cnt[18]  ;
; 9:1                ; 7 bits    ; 42 LEs        ; 7 LEs                ; 35 LEs                 ; Yes        ; |decoder|Quad:leftMotorEncoder|cnt[22]  ;
; 9:1                ; 7 bits    ; 42 LEs        ; 7 LEs                ; 35 LEs                 ; Yes        ; |decoder|Quad:rightWheelEncoder|cnt[22] ;
; 9:1                ; 16 bits   ; 96 LEs        ; 32 LEs               ; 64 LEs                 ; No         ; |decoder|Quad:rightMotorEncoder|cnt     ;
; 9:1                ; 16 bits   ; 96 LEs        ; 32 LEs               ; 64 LEs                 ; No         ; |decoder|Quad:leftWheelEncoder|cnt      ;
; 9:1                ; 16 bits   ; 96 LEs        ; 32 LEs               ; 64 LEs                 ; No         ; |decoder|Quad:leftMotorEncoder|cnt      ;
; 9:1                ; 16 bits   ; 96 LEs        ; 32 LEs               ; 64 LEs                 ; No         ; |decoder|Quad:rightWheelEncoder|cnt     ;
; 13:1               ; 11 bits   ; 88 LEs        ; 88 LEs               ; 0 LEs                  ; No         ; |decoder|count_out                      ;
+--------------------+-----------+---------------+----------------------+------------------------+------------+-----------------------------------------+


+----------------------------------------------------------------------------------------+
; Parameter Settings for Inferred Entity Instance: Quad:rightWheelEncoder|lpm_mult:Mult0 ;
+------------------------------------------------+------------+--------------------------+
; Parameter Name                                 ; Value      ; Type                     ;
+------------------------------------------------+------------+--------------------------+
; AUTO_CARRY_CHAINS                              ; ON         ; AUTO_CARRY               ;
; IGNORE_CARRY_BUFFERS                           ; OFF        ; IGNORE_CARRY             ;
; AUTO_CASCADE_CHAINS                            ; ON         ; AUTO_CASCADE             ;
; IGNORE_CASCADE_BUFFERS                         ; OFF        ; IGNORE_CASCADE           ;
; LPM_WIDTHA                                     ; 16         ; Untyped                  ;
; LPM_WIDTHB                                     ; 9          ; Untyped                  ;
; LPM_WIDTHP                                     ; 25         ; Untyped                  ;
; LPM_WIDTHR                                     ; 25         ; Untyped                  ;
; LPM_WIDTHS                                     ; 1          ; Untyped                  ;
; LPM_REPRESENTATION                             ; SIGNED     ; Untyped                  ;
; LPM_PIPELINE                                   ; 0          ; Untyped                  ;
; LATENCY                                        ; 0          ; Untyped                  ;
; INPUT_A_IS_CONSTANT                            ; NO         ; Untyped                  ;
; INPUT_B_IS_CONSTANT                            ; YES        ; Untyped                  ;
; USE_EAB                                        ; OFF        ; Untyped                  ;
; MAXIMIZE_SPEED                                 ; 5          ; Untyped                  ;
; DEVICE_FAMILY                                  ; Cyclone II ; Untyped                  ;
; CARRY_CHAIN                                    ; MANUAL     ; Untyped                  ;
; APEX20K_TECHNOLOGY_MAPPER                      ; LUT        ; TECH_MAPPER_APEX20K      ;
; DEDICATED_MULTIPLIER_CIRCUITRY                 ; AUTO       ; Untyped                  ;
; DEDICATED_MULTIPLIER_MIN_INPUT_WIDTH_FOR_AUTO  ; 0          ; Untyped                  ;
; DEDICATED_MULTIPLIER_MIN_OUTPUT_WIDTH_FOR_AUTO ; 0          ; Untyped                  ;
; CBXI_PARAMETER                                 ; NOTHING    ; Untyped                  ;
; INPUT_A_FIXED_VALUE                            ; Bx         ; Untyped                  ;
; INPUT_B_FIXED_VALUE                            ; Bx         ; Untyped                  ;
; USE_AHDL_IMPLEMENTATION                        ; OFF        ; Untyped                  ;
+------------------------------------------------+------------+--------------------------+
Note: In order to hide this table in the UI and the text report file, please set the "Show Parameter Settings in Synthesis Report" option in "Analysis and Synthesis Settings -> More Settings" to "Off".


+---------------------------------------------------------------------------------------+
; Parameter Settings for Inferred Entity Instance: Quad:leftWheelEncoder|lpm_mult:Mult0 ;
+------------------------------------------------+------------+-------------------------+
; Parameter Name                                 ; Value      ; Type                    ;
+------------------------------------------------+------------+-------------------------+
; AUTO_CARRY_CHAINS                              ; ON         ; AUTO_CARRY              ;
; IGNORE_CARRY_BUFFERS                           ; OFF        ; IGNORE_CARRY            ;
; AUTO_CASCADE_CHAINS                            ; ON         ; AUTO_CASCADE            ;
; IGNORE_CASCADE_BUFFERS                         ; OFF        ; IGNORE_CASCADE          ;
; LPM_WIDTHA                                     ; 16         ; Untyped                 ;
; LPM_WIDTHB                                     ; 9          ; Untyped                 ;
; LPM_WIDTHP                                     ; 25         ; Untyped                 ;
; LPM_WIDTHR                                     ; 25         ; Untyped                 ;
; LPM_WIDTHS                                     ; 1          ; Untyped                 ;
; LPM_REPRESENTATION                             ; SIGNED     ; Untyped                 ;
; LPM_PIPELINE                                   ; 0          ; Untyped                 ;
; LATENCY                                        ; 0          ; Untyped                 ;
; INPUT_A_IS_CONSTANT                            ; NO         ; Untyped                 ;
; INPUT_B_IS_CONSTANT                            ; YES        ; Untyped                 ;
; USE_EAB                                        ; OFF        ; Untyped                 ;
; MAXIMIZE_SPEED                                 ; 5          ; Untyped                 ;
; DEVICE_FAMILY                                  ; Cyclone II ; Untyped                 ;
; CARRY_CHAIN                                    ; MANUAL     ; Untyped                 ;
; APEX20K_TECHNOLOGY_MAPPER                      ; LUT        ; TECH_MAPPER_APEX20K     ;
; DEDICATED_MULTIPLIER_CIRCUITRY                 ; AUTO       ; Untyped                 ;
; DEDICATED_MULTIPLIER_MIN_INPUT_WIDTH_FOR_AUTO  ; 0          ; Untyped                 ;
; DEDICATED_MULTIPLIER_MIN_OUTPUT_WIDTH_FOR_AUTO ; 0          ; Untyped                 ;
; CBXI_PARAMETER                                 ; NOTHING    ; Untyped                 ;
; INPUT_A_FIXED_VALUE                            ; Bx         ; Untyped                 ;
; INPUT_B_FIXED_VALUE                            ; Bx         ; Untyped                 ;
; USE_AHDL_IMPLEMENTATION                        ; OFF        ; Untyped                 ;
+------------------------------------------------+------------+-------------------------+
Note: In order to hide this table in the UI and the text report file, please set the "Show Parameter Settings in Synthesis Report" option in "Analysis and Synthesis Settings -> More Settings" to "Off".


+---------------------------------------------------------------------------------------+
; Parameter Settings for Inferred Entity Instance: Quad:leftMotorEncoder|lpm_mult:Mult1 ;
+------------------------------------------------+------------+-------------------------+
; Parameter Name                                 ; Value      ; Type                    ;
+------------------------------------------------+------------+-------------------------+
; AUTO_CARRY_CHAINS                              ; ON         ; AUTO_CARRY              ;
; IGNORE_CARRY_BUFFERS                           ; OFF        ; IGNORE_CARRY            ;
; AUTO_CASCADE_CHAINS                            ; ON         ; AUTO_CASCADE            ;
; IGNORE_CASCADE_BUFFERS                         ; OFF        ; IGNORE_CASCADE          ;
; LPM_WIDTHA                                     ; 16         ; Untyped                 ;
; LPM_WIDTHB                                     ; 5          ; Untyped                 ;
; LPM_WIDTHP                                     ; 21         ; Untyped                 ;
; LPM_WIDTHR                                     ; 21         ; Untyped                 ;
; LPM_WIDTHS                                     ; 1          ; Untyped                 ;
; LPM_REPRESENTATION                             ; SIGNED     ; Untyped                 ;
; LPM_PIPELINE                                   ; 0          ; Untyped                 ;
; LATENCY                                        ; 0          ; Untyped                 ;
; INPUT_A_IS_CONSTANT                            ; NO         ; Untyped                 ;
; INPUT_B_IS_CONSTANT                            ; YES        ; Untyped                 ;
; USE_EAB                                        ; OFF        ; Untyped                 ;
; MAXIMIZE_SPEED                                 ; 5          ; Untyped                 ;
; DEVICE_FAMILY                                  ; Cyclone II ; Untyped                 ;
; CARRY_CHAIN                                    ; MANUAL     ; Untyped                 ;
; APEX20K_TECHNOLOGY_MAPPER                      ; LUT        ; TECH_MAPPER_APEX20K     ;
; DEDICATED_MULTIPLIER_CIRCUITRY                 ; AUTO       ; Untyped                 ;
; DEDICATED_MULTIPLIER_MIN_INPUT_WIDTH_FOR_AUTO  ; 0          ; Untyped                 ;
; DEDICATED_MULTIPLIER_MIN_OUTPUT_WIDTH_FOR_AUTO ; 0          ; Untyped                 ;
; CBXI_PARAMETER                                 ; NOTHING    ; Untyped                 ;
; INPUT_A_FIXED_VALUE                            ; Bx         ; Untyped                 ;
; INPUT_B_FIXED_VALUE                            ; Bx         ; Untyped                 ;
; USE_AHDL_IMPLEMENTATION                        ; OFF        ; Untyped                 ;
+------------------------------------------------+------------+-------------------------+
Note: In order to hide this table in the UI and the text report file, please set the "Show Parameter Settings in Synthesis Report" option in "Analysis and Synthesis Settings -> More Settings" to "Off".


+----------------------------------------------------------------------------------------+
; Parameter Settings for Inferred Entity Instance: Quad:rightMotorEncoder|lpm_mult:Mult1 ;
+------------------------------------------------+------------+--------------------------+
; Parameter Name                                 ; Value      ; Type                     ;
+------------------------------------------------+------------+--------------------------+
; AUTO_CARRY_CHAINS                              ; ON         ; AUTO_CARRY               ;
; IGNORE_CARRY_BUFFERS                           ; OFF        ; IGNORE_CARRY             ;
; AUTO_CASCADE_CHAINS                            ; ON         ; AUTO_CASCADE             ;
; IGNORE_CASCADE_BUFFERS                         ; OFF        ; IGNORE_CASCADE           ;
; LPM_WIDTHA                                     ; 16         ; Untyped                  ;
; LPM_WIDTHB                                     ; 5          ; Untyped                  ;
; LPM_WIDTHP                                     ; 21         ; Untyped                  ;
; LPM_WIDTHR                                     ; 21         ; Untyped                  ;
; LPM_WIDTHS                                     ; 1          ; Untyped                  ;
; LPM_REPRESENTATION                             ; SIGNED     ; Untyped                  ;
; LPM_PIPELINE                                   ; 0          ; Untyped                  ;
; LATENCY                                        ; 0          ; Untyped                  ;
; INPUT_A_IS_CONSTANT                            ; NO         ; Untyped                  ;
; INPUT_B_IS_CONSTANT                            ; YES        ; Untyped                  ;
; USE_EAB                                        ; OFF        ; Untyped                  ;
; MAXIMIZE_SPEED                                 ; 5          ; Untyped                  ;
; DEVICE_FAMILY                                  ; Cyclone II ; Untyped                  ;
; CARRY_CHAIN                                    ; MANUAL     ; Untyped                  ;
; APEX20K_TECHNOLOGY_MAPPER                      ; LUT        ; TECH_MAPPER_APEX20K      ;
; DEDICATED_MULTIPLIER_CIRCUITRY                 ; AUTO       ; Untyped                  ;
; DEDICATED_MULTIPLIER_MIN_INPUT_WIDTH_FOR_AUTO  ; 0          ; Untyped                  ;
; DEDICATED_MULTIPLIER_MIN_OUTPUT_WIDTH_FOR_AUTO ; 0          ; Untyped                  ;
; CBXI_PARAMETER                                 ; NOTHING    ; Untyped                  ;
; INPUT_A_FIXED_VALUE                            ; Bx         ; Untyped                  ;
; INPUT_B_FIXED_VALUE                            ; Bx         ; Untyped                  ;
; USE_AHDL_IMPLEMENTATION                        ; OFF        ; Untyped                  ;
+------------------------------------------------+------------+--------------------------+
Note: In order to hide this table in the UI and the text report file, please set the "Show Parameter Settings in Synthesis Report" option in "Analysis and Synthesis Settings -> More Settings" to "Off".


+-------------------------------------------------------------------------------+
; lpm_mult Parameter Settings by Entity Instance                                ;
+---------------------------------------+---------------------------------------+
; Name                                  ; Value                                 ;
+---------------------------------------+---------------------------------------+
; Number of entity instances            ; 4                                     ;
; Entity Instance                       ; Quad:rightWheelEncoder|lpm_mult:Mult0 ;
;     -- LPM_WIDTHA                     ; 16                                    ;
;     -- LPM_WIDTHB                     ; 9                                     ;
;     -- LPM_WIDTHP                     ; 25                                    ;
;     -- LPM_REPRESENTATION             ; SIGNED                                ;
;     -- INPUT_A_IS_CONSTANT            ; NO                                    ;
;     -- INPUT_B_IS_CONSTANT            ; YES                                   ;
;     -- USE_EAB                        ; OFF                                   ;
;     -- DEDICATED_MULTIPLIER_CIRCUITRY ; AUTO                                  ;
;     -- INPUT_A_FIXED_VALUE            ; Bx                                    ;
;     -- INPUT_B_FIXED_VALUE            ; Bx                                    ;
; Entity Instance                       ; Quad:leftWheelEncoder|lpm_mult:Mult0  ;
;     -- LPM_WIDTHA                     ; 16                                    ;
;     -- LPM_WIDTHB                     ; 9                                     ;
;     -- LPM_WIDTHP                     ; 25                                    ;
;     -- LPM_REPRESENTATION             ; SIGNED                                ;
;     -- INPUT_A_IS_CONSTANT            ; NO                                    ;
;     -- INPUT_B_IS_CONSTANT            ; YES                                   ;
;     -- USE_EAB                        ; OFF                                   ;
;     -- DEDICATED_MULTIPLIER_CIRCUITRY ; AUTO                                  ;
;     -- INPUT_A_FIXED_VALUE            ; Bx                                    ;
;     -- INPUT_B_FIXED_VALUE            ; Bx                                    ;
; Entity Instance                       ; Quad:leftMotorEncoder|lpm_mult:Mult1  ;
;     -- LPM_WIDTHA                     ; 16                                    ;
;     -- LPM_WIDTHB                     ; 5                                     ;
;     -- LPM_WIDTHP                     ; 21                                    ;
;     -- LPM_REPRESENTATION             ; SIGNED                                ;
;     -- INPUT_A_IS_CONSTANT            ; NO                                    ;
;     -- INPUT_B_IS_CONSTANT            ; YES                                   ;
;     -- USE_EAB                        ; OFF                                   ;
;     -- DEDICATED_MULTIPLIER_CIRCUITRY ; AUTO                                  ;
;     -- INPUT_A_FIXED_VALUE            ; Bx                                    ;
;     -- INPUT_B_FIXED_VALUE            ; Bx                                    ;
; Entity Instance                       ; Quad:rightMotorEncoder|lpm_mult:Mult1 ;
;     -- LPM_WIDTHA                     ; 16                                    ;
;     -- LPM_WIDTHB                     ; 5                                     ;
;     -- LPM_WIDTHP                     ; 21                                    ;
;     -- LPM_REPRESENTATION             ; SIGNED                                ;
;     -- INPUT_A_IS_CONSTANT            ; NO                                    ;
;     -- INPUT_B_IS_CONSTANT            ; YES                                   ;
;     -- USE_EAB                        ; OFF                                   ;
;     -- DEDICATED_MULTIPLIER_CIRCUITRY ; AUTO                                  ;
;     -- INPUT_A_FIXED_VALUE            ; Bx                                    ;
;     -- INPUT_B_FIXED_VALUE            ; Bx                                    ;
+---------------------------------------+---------------------------------------+


+----------------------------------------------------+
; Port Connectivity Checks: "Quad:rightMotorEncoder" ;
+------------+-------+----------+--------------------+
; Port       ; Type  ; Severity ; Details            ;
+------------+-------+----------+--------------------+
; invert     ; Input ; Info     ; Stuck at VCC       ;
; wheel_type ; Input ; Info     ; Stuck at VCC       ;
+------------+-------+----------+--------------------+


+---------------------------------------------------+
; Port Connectivity Checks: "Quad:leftMotorEncoder" ;
+------------+-------+----------+-------------------+
; Port       ; Type  ; Severity ; Details           ;
+------------+-------+----------+-------------------+
; invert     ; Input ; Info     ; Stuck at GND      ;
; wheel_type ; Input ; Info     ; Stuck at VCC      ;
+------------+-------+----------+-------------------+


+----------------------------------------------------+
; Port Connectivity Checks: "Quad:rightWheelEncoder" ;
+------------+-------+----------+--------------------+
; Port       ; Type  ; Severity ; Details            ;
+------------+-------+----------+--------------------+
; invert     ; Input ; Info     ; Stuck at VCC       ;
; wheel_type ; Input ; Info     ; Stuck at GND       ;
+------------+-------+----------+--------------------+


+---------------------------------------------------+
; Port Connectivity Checks: "Quad:leftWheelEncoder" ;
+------------+-------+----------+-------------------+
; Port       ; Type  ; Severity ; Details           ;
+------------+-------+----------+-------------------+
; invert     ; Input ; Info     ; Stuck at GND      ;
; wheel_type ; Input ; Info     ; Stuck at GND      ;
+------------+-------+----------+-------------------+


+-------------------------------+
; Elapsed Time Per Partition    ;
+----------------+--------------+
; Partition Name ; Elapsed Time ;
+----------------+--------------+
; Top            ; 00:00:05     ;
+----------------+--------------+


+-------------------------------+
; Analysis & Synthesis Messages ;
+-------------------------------+
Info: *******************************************************************
Info: Running Quartus II 64-Bit Analysis & Synthesis
    Info: Version 13.0.1 Build 232 06/12/2013 Service Pack 1 SJ Web Edition
    Info: Processing started: Sun May 25 13:24:29 2014
Info: Command: quartus_map --read_settings_files=on --write_settings_files=off Decoder -c Decoder
Warning (20028): Parallel compilation is not licensed and has been disabled
Info (12021): Found 2 design units, including 1 entities, in source file quad.vhd
    Info (12022): Found design unit 1: Quad-QuadArch
    Info (12023): Found entity 1: Quad
Info (12021): Found 2 design units, including 1 entities, in source file decoder.vhd
    Info (12022): Found design unit 1: decoder-decoderArch
    Info (12023): Found entity 1: decoder
Info (12127): Elaborating entity "Decoder" for the top level hierarchy
Info (12128): Elaborating entity "Quad" for hierarchy "Quad:leftWheelEncoder"
Info (278001): Inferred 4 megafunctions from design logic
    Info (278003): Inferred multiplier megafunction ("lpm_mult") from the following logic: "Quad:rightWheelEncoder|Mult0"
    Info (278003): Inferred multiplier megafunction ("lpm_mult") from the following logic: "Quad:leftWheelEncoder|Mult0"
    Info (278003): Inferred multiplier megafunction ("lpm_mult") from the following logic: "Quad:leftMotorEncoder|Mult1"
    Info (278003): Inferred multiplier megafunction ("lpm_mult") from the following logic: "Quad:rightMotorEncoder|Mult1"
Info (12130): Elaborated megafunction instantiation "Quad:rightWheelEncoder|lpm_mult:Mult0"
Info (12133): Instantiated megafunction "Quad:rightWheelEncoder|lpm_mult:Mult0" with the following parameter:
    Info (12134): Parameter "LPM_WIDTHA" = "16"
    Info (12134): Parameter "LPM_WIDTHB" = "9"
    Info (12134): Parameter "LPM_WIDTHP" = "25"
    Info (12134): Parameter "LPM_WIDTHR" = "25"
    Info (12134): Parameter "LPM_WIDTHS" = "1"
    Info (12134): Parameter "LPM_REPRESENTATION" = "SIGNED"
    Info (12134): Parameter "INPUT_A_IS_CONSTANT" = "NO"
    Info (12134): Parameter "INPUT_B_IS_CONSTANT" = "YES"
    Info (12134): Parameter "MAXIMIZE_SPEED" = "5"
Info (12131): Elaborated megafunction instantiation "Quad:rightWheelEncoder|lpm_mult:Mult0|multcore:mult_core", which is child of megafunction instantiation "Quad:rightWheelEncoder|lpm_mult:Mult0"
Info (12131): Elaborated megafunction instantiation "Quad:rightWheelEncoder|lpm_mult:Mult0|multcore:mult_core|mpar_add:padder", which is child of megafunction instantiation "Quad:rightWheelEncoder|lpm_mult:Mult0"
Info (12131): Elaborated megafunction instantiation "Quad:rightWheelEncoder|lpm_mult:Mult0|multcore:mult_core|mpar_add:padder|lpm_add_sub:adder[1]", which is child of megafunction instantiation "Quad:rightWheelEncoder|lpm_mult:Mult0"
Info (12021): Found 1 design units, including 1 entities, in source file db/add_sub_rfh.tdf
    Info (12023): Found entity 1: add_sub_rfh
Info (12131): Elaborated megafunction instantiation "Quad:rightWheelEncoder|lpm_mult:Mult0|multcore:mult_core|mpar_add:padder|lpm_add_sub:adder[0]", which is child of megafunction instantiation "Quad:rightWheelEncoder|lpm_mult:Mult0"
Info (12021): Found 1 design units, including 1 entities, in source file db/add_sub_15h.tdf
    Info (12023): Found entity 1: add_sub_15h
Info (12131): Elaborated megafunction instantiation "Quad:rightWheelEncoder|lpm_mult:Mult0|multcore:mult_core|mpar_add:padder|mpar_add:sub_par_add", which is child of megafunction instantiation "Quad:rightWheelEncoder|lpm_mult:Mult0"
Info (12131): Elaborated megafunction instantiation "Quad:rightWheelEncoder|lpm_mult:Mult0|multcore:mult_core|mpar_add:padder|mpar_add:sub_par_add|lpm_add_sub:adder[0]", which is child of megafunction instantiation "Quad:rightWheelEncoder|lpm_mult:Mult0"
Info (12021): Found 1 design units, including 1 entities, in source file db/add_sub_vfh.tdf
    Info (12023): Found entity 1: add_sub_vfh
Info (12131): Elaborated megafunction instantiation "Quad:rightWheelEncoder|lpm_mult:Mult0|altshift:external_latency_ffs", which is child of megafunction instantiation "Quad:rightWheelEncoder|lpm_mult:Mult0"
Info (12130): Elaborated megafunction instantiation "Quad:leftMotorEncoder|lpm_mult:Mult1"
Info (12133): Instantiated megafunction "Quad:leftMotorEncoder|lpm_mult:Mult1" with the following parameter:
    Info (12134): Parameter "LPM_WIDTHA" = "16"
    Info (12134): Parameter "LPM_WIDTHB" = "5"
    Info (12134): Parameter "LPM_WIDTHP" = "21"
    Info (12134): Parameter "LPM_WIDTHR" = "21"
    Info (12134): Parameter "LPM_WIDTHS" = "1"
    Info (12134): Parameter "LPM_REPRESENTATION" = "SIGNED"
    Info (12134): Parameter "INPUT_A_IS_CONSTANT" = "NO"
    Info (12134): Parameter "INPUT_B_IS_CONSTANT" = "YES"
    Info (12134): Parameter "MAXIMIZE_SPEED" = "5"
Info (12131): Elaborated megafunction instantiation "Quad:leftMotorEncoder|lpm_mult:Mult1|multcore:mult_core", which is child of megafunction instantiation "Quad:leftMotorEncoder|lpm_mult:Mult1"
Info (12131): Elaborated megafunction instantiation "Quad:leftMotorEncoder|lpm_mult:Mult1|multcore:mult_core|mpar_add:padder", which is child of megafunction instantiation "Quad:leftMotorEncoder|lpm_mult:Mult1"
Info (12131): Elaborated megafunction instantiation "Quad:leftMotorEncoder|lpm_mult:Mult1|multcore:mult_core|mpar_add:padder|lpm_add_sub:adder[1]", which is child of megafunction instantiation "Quad:leftMotorEncoder|lpm_mult:Mult1"
Info (12021): Found 1 design units, including 1 entities, in source file db/add_sub_geh.tdf
    Info (12023): Found entity 1: add_sub_geh
Info (12131): Elaborated megafunction instantiation "Quad:leftMotorEncoder|lpm_mult:Mult1|multcore:mult_core|mpar_add:padder|lpm_add_sub:adder[0]", which is child of megafunction instantiation "Quad:leftMotorEncoder|lpm_mult:Mult1"
Info (12021): Found 1 design units, including 1 entities, in source file db/add_sub_m3h.tdf
    Info (12023): Found entity 1: add_sub_m3h
Info (12131): Elaborated megafunction instantiation "Quad:leftMotorEncoder|lpm_mult:Mult1|multcore:mult_core|mpar_add:padder|mpar_add:sub_par_add", which is child of megafunction instantiation "Quad:leftMotorEncoder|lpm_mult:Mult1"
Info (12131): Elaborated megafunction instantiation "Quad:leftMotorEncoder|lpm_mult:Mult1|altshift:external_latency_ffs", which is child of megafunction instantiation "Quad:leftMotorEncoder|lpm_mult:Mult1"
Info (17049): 32 registers lost all their fanouts during netlist optimizations.
Info (16010): Generating hard_block partition "hard_block:auto_generated_inst"
    Info (16011): Adding 0 node(s), including 0 DDIO, 0 PLL, 0 transceiver and 0 LCELL
Info (21057): Implemented 2081 device resources after synthesis - the final resource count might be different
    Info (21058): Implemented 13 input pins
    Info (21059): Implemented 14 output pins
    Info (21061): Implemented 2054 logic cells
Info: Quartus II 64-Bit Analysis & Synthesis was successful. 0 errors, 1 warning
    Info: Peak virtual memory: 501 megabytes
    Info: Processing ended: Sun May 25 13:24:42 2014
    Info: Elapsed time: 00:00:13
    Info: Total CPU time (on all processors): 00:00:13


